<?xml version="1.0" encoding="UTF-8"?>
<!-- Generated by org.testng.reporters.JUnitReportReporter -->
<testsuite hostname="DESKTOP-F2CLD0H" failures="0" tests="3" name="testcases.AddMultipleProductsTest" time="119.007" errors="0" timestamp="2025-03-24T15:50:10 IST" skipped="0">
  <testcase classname="testcases.AddMultipleProductsTest" name="addmen" time="84.587"/>
  <testcase classname="testcases.AddMultipleProductsTest" name="addshirt" time="16.468"/>
  <testcase classname="testcases.AddMultipleProductsTest" name="addwatch" time="17.952"/>
</testsuite> <!-- testcases.AddMultipleProductsTest -->
