<?xml version="1.0" encoding="UTF-8"?>
<!-- Generated by org.testng.reporters.JUnitReportReporter -->
<testsuite hostname="DESKTOP-F2CLD0H" failures="0" tests="1" name="testng.RunCucumberTest" time="32.151" errors="0" timestamp="2025-03-20T15:19:26 IST" skipped="0">
  <testcase classname="testng.RunCucumberTest" name="runCucumberTests" time="32.151"/>
</testsuite> <!-- testng.RunCucumberTest -->
