<?xml version="1.0" encoding="UTF-8"?>
<!-- Generated by org.testng.reporters.JUnitReportReporter -->
<testsuite hostname="DESKTOP-F2CLD0H" failures="0" tests="1" name="runner.AddToCartRunner" time="0.005" errors="0" timestamp="2025-03-19T20:42:23 IST" skipped="0">
  <testcase classname="runner.AddToCartRunner" name="runCucumberTests" time="0.005"/>
</testsuite> <!-- runner.AddToCartRunner -->
