<?xml version="1.0" encoding="UTF-8"?>
<!-- Generated by org.testng.reporters.JUnitReportReporter -->
<testsuite hostname="DESKTOP-F2CLD0H" failures="0" tests="1" name="runner.RunCucumberTest" time="34.748" errors="0" timestamp="2025-03-24T15:50:10 IST" skipped="0">
  <testcase classname="runner.RunCucumberTest" name="runCucumberTests" time="34.748"/>
</testsuite> <!-- runner.RunCucumberTest -->
