<?xml version="1.0" encoding="UTF-8"?>
<!-- Generated by org.testng.reporters.JUnitReportReporter -->
<testsuite hostname="DESKTOP-F2CLD0H" failures="0" tests="1" name="testng.ExtentReport" time="16.275" errors="0" timestamp="2025-03-22T17:06:14 IST" skipped="0">
  <testcase classname="testng.ExtentReport" name="extentReportsDemo" time="16.275"/>
</testsuite> <!-- testng.ExtentReport -->
