<?xml version="1.0" encoding="UTF-8"?>
<!-- Generated by org.testng.reporters.JUnitReportReporter -->
<testsuite hostname="DESKTOP-F2CLD0H" failures="0" tests="1" name="testcases.RunCucumberTest" time="31.144" errors="0" timestamp="2025-03-26T11:26:58 IST" skipped="0">
  <testcase classname="testcases.RunCucumberTest" name="runCucumberTests" time="31.144"/>
</testsuite> <!-- testcases.RunCucumberTest -->
