<?xml version="1.0" encoding="UTF-8"?>
<!-- Generated by org.testng.reporters.JUnitReportReporter -->
<testsuite hostname="DESKTOP-F2CLD0H" failures="0" tests="2" name="testcases.UserRegistrationTest" time="17.156" errors="0" timestamp="2025-03-24T17:19:03 IST" skipped="0">
  <testcase classname="testcases.UserRegistrationTest" name="registerWithInvalidDetails" time="9.096"/>
  <testcase classname="testcases.UserRegistrationTest" name="registerWithValidDetails" time="8.060"/>
</testsuite> <!-- testcases.UserRegistrationTest -->
