<?xml version="1.0" encoding="UTF-8"?>
<!-- Generated by org.testng.reporters.JUnitReportReporter -->
<testsuite hostname="DESKTOP-F2CLD0H" failures="0" tests="2" name="testcases.UserRegistrationTest" time="29.978" errors="0" timestamp="2025-03-24T15:50:10 IST" skipped="0">
  <testcase classname="testcases.UserRegistrationTest" name="registerWithInvalidDetails" time="13.593"/>
  <testcase classname="testcases.UserRegistrationTest" name="registerWithValidDetails" time="16.385"/>
</testsuite> <!-- testcases.UserRegistrationTest -->
