<?xml version="1.0" encoding="UTF-8"?>
<!-- Generated by org.testng.reporters.JUnitReportReporter -->
<testsuite hostname="DESKTOP-F2CLD0H" failures="0" tests="3" name="testcases.CartEditTest" time="22.049" errors="0" timestamp="2025-03-26T11:26:58 IST" skipped="0">
  <testcase classname="testcases.CartEditTest" name="viewAndEditCart" time="11.792"/>
  <testcase classname="testcases.CartEditTest" name="updateQuantity" time="4.380"/>
  <testcase classname="testcases.CartEditTest" name="removeProduct" time="5.877"/>
</testsuite> <!-- testcases.CartEditTest -->
