<?xml version="1.0" encoding="UTF-8"?>
<!-- Generated by org.testng.reporters.JUnitReportReporter -->
<testsuite hostname="DESKTOP-F2CLD0H" failures="0" tests="3" name="testcases.AddMultipleProductsTest" time="59.384" errors="0" timestamp="2025-03-26T11:26:58 IST" skipped="0">
  <testcase classname="testcases.AddMultipleProductsTest" name="addmen" time="31.559"/>
  <testcase classname="testcases.AddMultipleProductsTest" name="addshirt" time="15.095"/>
  <testcase classname="testcases.AddMultipleProductsTest" name="addwatch" time="12.730"/>
</testsuite> <!-- testcases.AddMultipleProductsTest -->
