<?xml version="1.0" encoding="UTF-8"?>
<!-- Generated by org.testng.reporters.JUnitReportReporter -->
<testsuite hostname="DESKTOP-F2CLD0H" failures="0" tests="2" name="testcases.LoginPageTest" time="6.185" errors="0" timestamp="2025-03-24T16:10:44 IST" skipped="0">
  <testcase classname="testcases.LoginPageTest" name="testLogin" time="2.578"/>
  <testcase classname="testcases.LoginPageTest" name="testLogin" time="3.607"/>
</testsuite> <!-- testcases.LoginPageTest -->
