<?xml version="1.0" encoding="UTF-8"?>
<!-- Generated by org.testng.reporters.JUnitReportReporter -->
<testsuite hostname="DESKTOP-F2CLD0H" failures="0" tests="3" name="testcases.AddMultipleProductsTest" time="60.345" errors="0" timestamp="2025-03-24T17:13:32 IST" skipped="0">
  <testcase classname="testcases.AddMultipleProductsTest" name="addmen" time="32.395"/>
  <testcase classname="testcases.AddMultipleProductsTest" name="addshirt" time="14.840"/>
  <testcase classname="testcases.AddMultipleProductsTest" name="addwatch" time="13.110"/>
</testsuite> <!-- testcases.AddMultipleProductsTest -->
