<?xml version="1.0" encoding="UTF-8"?>
<!-- Generated by org.testng.reporters.JUnitReportReporter -->
<testsuite hostname="DESKTOP-F2CLD0H" failures="0" tests="3" name="testcases.AddMultipleProductsTest" time="62.941" errors="0" timestamp="2025-03-23T22:03:31 IST" skipped="0">
  <testcase classname="testcases.AddMultipleProductsTest" name="addwatch" time="14.050"/>
  <testcase classname="testcases.AddMultipleProductsTest" name="addmen" time="33.105"/>
  <testcase classname="testcases.AddMultipleProductsTest" name="addshirt" time="15.786"/>
</testsuite> <!-- testcases.AddMultipleProductsTest -->
