<?xml version="1.0" encoding="UTF-8"?>
<!-- Generated by org.testng.reporters.JUnitReportReporter -->
<testsuite hostname="DESKTOP-F2CLD0H" failures="0" tests="2" name="testcases.UserRegistrationTest" time="16.483" errors="0" timestamp="2025-03-26T11:14:24 IST" skipped="0">
  <testcase classname="testcases.UserRegistrationTest" name="registerWithInvalidDetails" time="8.674"/>
  <testcase classname="testcases.UserRegistrationTest" name="registerWithValidDetails" time="7.809"/>
</testsuite> <!-- testcases.UserRegistrationTest -->
