<?xml version="1.0" encoding="UTF-8"?>
<!-- Generated by org.testng.reporters.JUnitReportReporter -->
<testsuite hostname="DESKTOP-F2CLD0H" failures="0" tests="2" name="testcases.UserRegistrationTest" time="17.711" errors="0" timestamp="2025-03-23T22:03:31 IST" skipped="0">
  <testcase classname="testcases.UserRegistrationTest" name="registerWithInvalidDetails" time="9.429"/>
  <testcase classname="testcases.UserRegistrationTest" name="registerWithValidDetails" time="8.282"/>
</testsuite> <!-- testcases.UserRegistrationTest -->
