<?xml version="1.0" encoding="UTF-8"?>
<!-- Generated by org.testng.reporters.JUnitReportReporter -->
<testsuite hostname="DESKTOP-F2CLD0H" failures="0" tests="2" name="testcases.LoginPageTest" time="4.646" errors="0" timestamp="2025-03-26T11:14:24 IST" skipped="0">
  <testcase classname="testcases.LoginPageTest" name="testLogin" time="2.878"/>
  <testcase classname="testcases.LoginPageTest" name="testLogin" time="1.768"/>
</testsuite> <!-- testcases.LoginPageTest -->
