<?xml version="1.0" encoding="UTF-8"?>
<!-- Generated by org.testng.reporters.JUnitReportReporter -->
<testsuite hostname="DESKTOP-F2CLD0H" failures="0" tests="3" name="testcases.CartEditTest" time="32.388" errors="0" timestamp="2025-03-24T16:10:44 IST" skipped="0">
  <testcase classname="testcases.CartEditTest" name="viewAndEditCart" time="19.356"/>
  <testcase classname="testcases.CartEditTest" name="updateQuantity" time="5.604"/>
  <testcase classname="testcases.CartEditTest" name="removeProduct" time="7.428"/>
</testsuite> <!-- testcases.CartEditTest -->
