<?xml version="1.0" encoding="UTF-8"?>
<!-- Generated by org.testng.reporters.JUnitReportReporter -->
<testsuite hostname="DESKTOP-F2CLD0H" failures="0" tests="2" name="testcases.LoginPageTest" time="5.059" errors="0" timestamp="2025-03-23T22:03:31 IST" skipped="0">
  <testcase classname="testcases.LoginPageTest" name="testLogin" time="2.077"/>
  <testcase classname="testcases.LoginPageTest" name="testLogin" time="2.982"/>
</testsuite> <!-- testcases.LoginPageTest -->
