<?xml version="1.0" encoding="UTF-8"?>
<!-- Generated by org.testng.reporters.JUnitReportReporter -->
<testsuite hostname="DESKTOP-F2CLD0H" failures="0" tests="3" name="testcases.CartEditTest" time="23.079" errors="0" timestamp="2025-03-24T17:13:32 IST" skipped="0">
  <testcase classname="testcases.CartEditTest" name="viewAndEditCart" time="13.936"/>
  <testcase classname="testcases.CartEditTest" name="updateQuantity" time="3.645"/>
  <testcase classname="testcases.CartEditTest" name="removeProduct" time="5.498"/>
</testsuite> <!-- testcases.CartEditTest -->
