<?xml version="1.0" encoding="UTF-8"?>
<!-- Generated by org.testng.reporters.JUnitReportReporter -->
<testsuite hostname="DESKTOP-F2CLD0H" failures="0" tests="3" name="testcases.CartEditTest" time="54.391" errors="0" timestamp="2025-03-26T11:14:24 IST" skipped="0">
  <testcase classname="testcases.CartEditTest" name="viewAndEditCart" time="23.519"/>
  <testcase classname="testcases.CartEditTest" name="updateQuantity" time="15.399"/>
  <testcase classname="testcases.CartEditTest" name="removeProduct" time="15.473"/>
</testsuite> <!-- testcases.CartEditTest -->
