<?xml version="1.0" encoding="UTF-8"?>
<!-- Generated by org.testng.reporters.JUnitReportReporter -->
<testsuite hostname="DESKTOP-F2CLD0H" failures="0" tests="1" name="testcases.CheckoutTest" time="46.561" errors="0" timestamp="2025-03-23T22:03:31 IST" skipped="0">
  <testcase classname="testcases.CheckoutTest" name="checkoutProcess" time="46.561"/>
</testsuite> <!-- testcases.CheckoutTest -->
