<?xml version="1.0" encoding="UTF-8"?>
<!-- Generated by org.testng.reporters.JUnitReportReporter -->
<testsuite hostname="DESKTOP-F2CLD0H" failures="0" tests="3" name="testcases.AddMultipleProductsTest" time="64.365" errors="0" timestamp="2025-03-24T16:10:44 IST" skipped="0">
  <testcase classname="testcases.AddMultipleProductsTest" name="addmen" time="36.015"/>
  <testcase classname="testcases.AddMultipleProductsTest" name="addshirt" time="15.190"/>
  <testcase classname="testcases.AddMultipleProductsTest" name="addwatch" time="13.160"/>
</testsuite> <!-- testcases.AddMultipleProductsTest -->
