<?xml version="1.0" encoding="UTF-8"?>
<!-- Generated by org.testng.reporters.JUnitReportReporter -->
<testsuite hostname="DESKTOP-F2CLD0H" failures="0" tests="1" name="runner.RunCucumberTest" time="44.486" errors="0" timestamp="2025-03-23T22:03:30 IST" skipped="0">
  <testcase classname="runner.RunCucumberTest" name="runCucumberTests" time="44.486"/>
</testsuite> <!-- runner.RunCucumberTest -->
